INFO:root:Loading Small English Dictionary
INFO:root:Loading Small English Dictionary
INFO:root:Loading Small English Dictionary
INFO:root:Loading Small English Dictionary
INFO:root:Loading Small English Dictionary
INFO:root:Loading Small English Dictionary
INFO:root:Loading Small English Dictionary
INFO:root:Loading Small English Dictionary
INFO:root:Loading Small English Dictionary
INFO:root:Loading Small English Dictionary
INFO:root:Loading Small English Dictionary
INFO:root:Loading Small English Dictionary
INFO:root:Loading Small English Dictionary
INFO:root:Loading Small English Dictionary
INFO:root:Loading Small English Dictionary
INFO:root:Loading Small English Dictionary
INFO:root:Loading Small English Dictionary
INFO:root:Loading Small English Dictionary
INFO:root:Loading Small English Dictionary
INFO:root:Loading Small English Dictionary
INFO:root:Loading Small English Dictionary
INFO:root:Loading Small English Dictionary
INFO:root:Me: {u'username': u'ram', u'numMastered': 3, u'url': u'http://api.openminds.io/0/users/4f7b854537eaef6866000007', u'points': 1460, u'type': u'teacher', u'id': u'4f7b854537eaef6866000007'}
INFO:root:Directory to Read...c:\Documents and Settings\u163202\Root-1\OM-API-Utilities\Fabricator\ListsToBeCreated 

INFO:root:Me: {u'username': u'ram', u'numMastered': 3, u'url': u'http://api.openminds.io/0/users/4f7b854537eaef6866000007', u'points': 1460, u'type': u'teacher', u'id': u'4f7b854537eaef6866000007'}
INFO:root:Me: {u'username': u'ram', u'numMastered': 3, u'url': u'http://api.openminds.io/0/users/4f7b854537eaef6866000007', u'points': 1460, u'type': u'teacher', u'id': u'4f7b854537eaef6866000007'}
INFO:root:Loading Small English Dictionary
INFO:root:Me: {u'username': u'ram', u'numMastered': 3, u'url': u'http://api.openminds.io/0/users/4f7b854537eaef6866000007', u'points': 1460, u'type': u'teacher', u'id': u'4f7b854537eaef6866000007'}
INFO:root:Me: {u'username': u'ram', u'numMastered': 3, u'url': u'http://api.openminds.io/0/users/4f7b854537eaef6866000007', u'points': 1460, u'type': u'teacher', u'id': u'4f7b854537eaef6866000007'}
INFO:root:Me: {u'username': u'ram', u'name': u'Ram Narasimhan', u'numMastered': 3, u'url': u'http://api.openminds.io/0/users/4f7b854537eaef6866000007', u'email': u'ramnarasimhan@gmail.com', u'points': 1460, u'type': u'teacher', u'id': u'4f7b854537eaef6866000007'}
INFO:root:{}
INFO:root:{}
INFO:root:Me: {u'username': u'ram', u'name': u'Ram Narasimhan', u'numMastered': 3, u'url': u'http://api.openminds.io/0/users/4f7b854537eaef6866000007', u'email': u'ramnarasimhan@gmail.com', u'points': 1460, u'type': u'teacher', u'id': u'4f7b854537eaef6866000007'}
INFO:root:{}
INFO:root:{}
INFO:root:Me: {u'username': u'ram', u'name': u'Ram Narasimhan', u'numMastered': 3, u'url': u'http://api.openminds.io/0/users/4f7b854537eaef6866000007', u'email': u'ramnarasimhan@gmail.com', u'points': 1460, u'type': u'teacher', u'id': u'4f7b854537eaef6866000007'}
INFO:root:{'word': 'kennel', 'defn': 'defn of kennel'}
INFO:root:{'word': 'ken', 'defn': 'defn of ken'}
INFO:root:Loading Small English Dictionary
INFO:root:Loading Small English Dictionary
INFO:root:Loading Small English Dictionary
INFO:root:Loading Small English Dictionary
INFO:root:Loading Small English Dictionary
INFO:root:Loading Small English Dictionary
