INFO:root:Loading Small English Dictionary
INFO:root:Loading Small English Dictionary
INFO:root:Loading Small English Dictionary
INFO:root:Loading Small English Dictionary
INFO:root:Loading Small English Dictionary
INFO:root:Loading Small English Dictionary
INFO:root:Loading Small English Dictionary
INFO:root:Loading Small English Dictionary
INFO:root:Loading Small English Dictionary
INFO:root:Loading Small English Dictionary
INFO:root:Loading Small English Dictionary
INFO:root:Loading Small English Dictionary
INFO:root:Loading Small English Dictionary
INFO:root:{'word': 'mandolin', 'defn': 'a stringed instrument related to the lute, usually played with a plectrum'}
INFO:root:{'word': 'manilas', 'defn': 'a strong paper or thin cardboard with a smooth light brown finish made from e.g. Manila hemp'}
INFO:root:{'word': 'manhoods', 'defn': 'the state of being a man; manly qualities'}
INFO:root:{'word': 'mantlings', 'defn': 'spread over a surface, like a mantle'}
INFO:root:{'word': 'manuals', 'defn': 'a small handbook'}
INFO:root:{'word': 'mantillas', 'defn': "a woman's silk or lace scarf"}
INFO:root:{'word': 'mannish', 'defn': 'resembling or imitative of or suggestive of a man rather than a woman'}
INFO:root:{'word': 'managers', 'defn': 'someone who controls resources and expenditures'}
INFO:root:{'word': 'mangabey', 'defn': 'large agile arboreal monkey with long limbs and tail and white upper eyelids'}
INFO:root:{'word': 'manifests', 'defn': 'a customs document listing the contents put on a ship or plane'}
INFO:root:{'word': 'manifesto', 'defn': 'a public declaration of intentions (as issued by a political party or government)'}
INFO:root:{'word': 'mandator', 'defn': 'an authority who issues a mandate'}
INFO:root:{'word': 'manhood', 'defn': 'the state of being a man; manly qualities'}
INFO:root:{'word': 'manakins', 'defn': 'a woman who wears clothes to display fashions'}
INFO:root:{'word': 'maneuvered', 'defn': 'direct the course; determine the direction of travelling'}
INFO:root:{'word': 'manioca', 'defn': 'a starch made by leaching and drying the root of the cassava plant; the source of tapioca; a staple food in the tropics'}
INFO:root:{'word': 'mannequins', 'defn': 'a woman who wears clothes to display fashions'}
INFO:root:{'word': 'maniocs', 'defn': 'a starch made by leaching and drying the root of the cassava plant; the source of tapioca; a staple food in the tropics'}
INFO:root:{'word': 'manganeses', 'defn': 'a hard brittle grey polyvalent metallic element that resembles iron but is not magnetic; used in making steel; occurs in many minerals'}
INFO:root:{'word': 'manured', 'defn': 'spread manure, as for fertilization'}
INFO:root:{'word': 'manures', 'defn': 'any animal or plant material used to fertilize land especially animal excreta usually with litter material'}
INFO:root:{'word': 'manageably', 'defn': 'so as to be manageable'}
INFO:root:{'word': 'mangonel', 'defn': 'an engine that provided medieval artillery used during sieges; a heavy war engine for hurling large stones and other missiles'}
INFO:root:{'word': 'manifested', 'defn': "provide evidence for; stand as proof of; show by one's behavior, attitude, or external attributes"}
INFO:root:{'word': 'manipulate', 'defn': 'influence or control shrewdly or deviously'}
INFO:root:{'word': 'manhunt', 'defn': 'an organized search (by police) for a person (charged with a crime)'}
INFO:root:{'word': 'manhandles', 'defn': 'handle roughly'}
INFO:root:{'word': 'manhandled', 'defn': 'handle roughly'}
INFO:root:{'word': 'mandrakes', 'defn': 'the root of the mandrake plant; used medicinally or as a narcotic'}
INFO:root:{'word': 'mannerly', 'defn': 'socially correct in behavior'}
INFO:root:{'word': 'manumitted', 'defn': 'free from slavery or servitude'}
INFO:root:{'word': 'mandibles', 'defn': 'the jaw in vertebrates that is hinged to open the mouth'}
INFO:root:{'word': 'manikins', 'defn': 'a person who is very small but who is not otherwise deformed or abnormal'}
INFO:root:{'word': 'manning', 'defn': 'take charge of a certain job; occupy a certain work place'}
INFO:root:{'word': 'mantled', 'defn': 'spread over a surface, like a mantle'}
INFO:root:{'word': 'mantles', 'defn': 'the cloak as a symbol of authority'}
INFO:root:{'word': 'manicures', 'defn': 'professional care for the hands and fingernails'}
INFO:root:{'word': 'manicured', 'defn': 'trim carefully and neatly'}
INFO:root:{'word': 'mantelets', 'defn': 'portable bulletproof shelter'}
INFO:root:{'word': 'mandamuses', 'defn': "an extraordinary writ commanding an official to perform a ministerial act that the law recognizes as an absolute duty and not a matter for the official's discretion; used only when all other judicial remedies fail"}
INFO:root:{'word': 'mantels', 'defn': 'shelf that projects from wall above fireplace'}
INFO:root:{'word': 'mandala', 'defn': 'any of various geometric designs (usually circular) symbolizing the universe; used chiefly in Hinduism and Buddhism as an aid to meditation'}
INFO:root:{'word': 'managerial', 'defn': 'of or relating to the function or responsibility or activity of management'}
INFO:root:{'word': 'manacled', 'defn': 'confine or restrain with or as if with manacles or handcuffs'}
INFO:root:{'word': 'manuscript', 'defn': 'the form of a literary work submitted for publication'}
INFO:root:{'word': 'manhole', 'defn': 'a hole (usually with a flush cover) through which a person can gain access to an underground structure'}
INFO:root:{'word': 'mannequin', 'defn': 'a woman who wears clothes to display fashions'}
INFO:root:{'word': 'mananas', 'defn': 'an indefinite time in the future'}
INFO:root:{'word': 'manifestos', 'defn': 'a public declaration of intentions (as issued by a political party or government)'}
INFO:root:{'word': 'management', 'defn': 'the act of managing something'}
INFO:root:{'word': 'manifolds', 'defn': 'a pipe that has several lateral outlets to or from other pipes'}
INFO:root:{'word': 'mankind', 'defn': 'all of the living human inhabitants of the earth'}
INFO:root:{'word': 'mandrels', 'defn': 'any of various rotating shafts that serve as axes for larger rotating parts'}
INFO:root:{'word': 'manpowers', 'defn': 'the force of workers available'}
INFO:root:{'word': 'mangold', 'defn': 'beet with a large yellowish root; grown chiefly as cattle feed'}
INFO:root:{'word': 'manfully', 'defn': 'in a manful manner; with qualities thought to befit a man'}
INFO:root:{'word': 'mangolds', 'defn': 'beet with a large yellowish root; grown chiefly as cattle feed'}
INFO:root:{'word': 'mandril', 'defn': 'any of various rotating shafts that serve as axes for larger rotating parts'}
INFO:root:{'word': 'manacling', 'defn': 'confine or restrain with or as if with manacles or handcuffs'}
INFO:root:{'word': 'manicuring', 'defn': 'trim carefully and neatly'}
INFO:root:{'word': 'mangiest', 'defn': 'having many worn or threadbare spots in the nap'}
INFO:root:{'word': 'mandible', 'defn': 'the jaw in vertebrates that is hinged to open the mouth'}
INFO:root:{'word': 'mandating', 'defn': 'assign under a mandate'}
INFO:root:{'word': 'manners', 'defn': 'social deportment'}
INFO:root:{'word': 'mannered', 'defn': 'having unnatural mannerisms'}
INFO:root:{'word': 'mantraps', 'defn': 'a very attractive or seductive looking woman'}
INFO:root:{'word': 'mannitols', 'defn': 'a diuretic (trade name Osmitrol) used to promote the excretion of urine'}
INFO:root:{'word': 'mantlet', 'defn': 'portable bulletproof shelter'}
INFO:root:{'word': 'mantlets', 'defn': 'portable bulletproof shelter'}
INFO:root:{'word': 'mandioca', 'defn': 'cassava with long tuberous edible roots and soft brittle stems; used especially to make cassiri (an intoxicating drink) and tapioca'}
INFO:root:{'word': 'maneuver', 'defn': 'a military training exercise'}
INFO:root:{'word': 'mandate', 'defn': 'a document giving an official instruction or command'}
INFO:root:{'word': 'manihot', 'defn': 'genus of economically important tropical plants: cassava'}
INFO:root:{'word': 'manifestly', 'defn': "unmistakably (`plain' is often used informally for `plainly')"}
INFO:root:{'word': 'mangily', 'defn': 'in a mangy manner'}
INFO:root:{'word': 'mandolas', 'defn': 'an early type of mandolin'}
INFO:root:{'word': 'mantissas', 'defn': 'the positive fractional part of the representation of a logarithm; in the expression log 643 = 2.808 the mantissa is .808'}
INFO:root:{'word': 'mantling', 'defn': 'spread over a surface, like a mantle'}
INFO:root:{'word': 'mandarins', 'defn': 'shrub or small tree having flattened globose fruit with very sweet aromatic pulp and thin yellow-orange to flame-orange rind that is loose and easily removed; native to southeastern Asia'}
INFO:root:{'word': 'mannitol', 'defn': 'a diuretic (trade name Osmitrol) used to promote the excretion of urine'}
INFO:root:{'word': 'manpower', 'defn': 'the force of workers available'}
INFO:root:{'word': 'mandrill', 'defn': 'baboon of west Africa with a bright red and blue muzzle and blue hindquarters'}
INFO:root:{'word': 'mandrils', 'defn': 'any of various rotating shafts that serve as axes for larger rotating parts'}
INFO:root:{'word': 'maniacs', 'defn': 'an insane person'}
INFO:root:{'word': 'mantuas', 'defn': 'loose gown of the 17th and 18th centuries'}
INFO:root:{'word': 'mantras', 'defn': 'a commonly repeated word or phrase'}
INFO:root:{'word': 'mantrap', 'defn': 'a very attractive or seductive looking woman'}
INFO:root:{'word': 'mandrake', 'defn': 'the root of the mandrake plant; used medicinally or as a narcotic'}
INFO:root:{'word': 'mangroves', 'defn': 'a tropical tree or shrub bearing fruit that germinates while still on the tree and having numerous prop roots that eventually form an impenetrable mass and are important in land building'}
INFO:root:{'word': 'manifest', 'defn': 'a customs document listing the contents put on a ship or plane'}
INFO:root:{'word': 'manglers', 'defn': 'a person who mutilates or destroys or disfigures or cripples'}
INFO:root:{'word': 'manakin', 'defn': 'a woman who wears clothes to display fashions'}
INFO:root:{'word': 'mansard', 'defn': 'a hip roof having two slopes on each side'}
INFO:root:{'word': 'manlike', 'defn': 'possessing qualities befitting a man'}
INFO:root:{'word': 'mandamus', 'defn': "an extraordinary writ commanding an official to perform a ministerial act that the law recognizes as an absolute duty and not a matter for the official's discretion; used only when all other judicial remedies fail"}
INFO:root:{'word': 'mandrel', 'defn': 'any of various rotating shafts that serve as axes for larger rotating parts'}
INFO:root:{'word': 'manikin', 'defn': 'a person who is very small but who is not otherwise deformed or abnormal'}
INFO:root:{'word': 'mannikins', 'defn': 'a person who is very small but who is not otherwise deformed or abnormal'}
INFO:root:{'word': 'mandalas', 'defn': 'any of various geometric designs (usually circular) symbolizing the universe; used chiefly in Hinduism and Buddhism as an aid to meditation'}
INFO:root:{'word': 'manilla', 'defn': 'a strong paper or thin cardboard with a smooth light brown finish made from e.g. Manila hemp'}
INFO:root:Loading Small English Dictionary
INFO:root:Loading Small English Dictionary
INFO:root:Loading Small English Dictionary
INFO:root:Loading Small English Dictionary
INFO:root:Loading Small English Dictionary
INFO:root:Loading Small English Dictionary
INFO:root:Loading Small English Dictionary
INFO:root:Loading Small English Dictionary
INFO:root:Loading Small English Dictionary
INFO:root:Loading Small English Dictionary
INFO:root:Loading Small English Dictionary
INFO:root:Loading Small English Dictionary
INFO:root:Loading Small English Dictionary
INFO:root:Loading Small English Dictionary
INFO:root:Loading Small English Dictionary
INFO:root:Loading Small English Dictionary
INFO:root:Loading Small English Dictionary
INFO:root:Loading Small English Dictionary
INFO:root:Loading Small English Dictionary
INFO:root:Loading Small English Dictionary
INFO:root:Loading Small English Dictionary
INFO:root:Loading Small English Dictionary
INFO:root:Loading Small English Dictionary
INFO:root:Loading Small English Dictionary
INFO:root:Loading Small English Dictionary
INFO:root:Loading Small English Dictionary
INFO:root:Loading Small English Dictionary
INFO:root:Loading Small English Dictionary
INFO:root:Loading Small English Dictionary
INFO:root:Loading Small English Dictionary
INFO:root:Loading Small English Dictionary
INFO:root:Loading Small English Dictionary
INFO:root:Loading Small English Dictionary
INFO:root:Loading Small English Dictionary
INFO:root:Loading Small English Dictionary
INFO:root:Loading Small English Dictionary
INFO:root:Loading Small English Dictionary
INFO:root:Loading Small English Dictionary
INFO:root:Loading Small English Dictionary
INFO:root:Loading Small English Dictionary
